<?xml version="1.0" encoding="UTF-8"?>
<!-- Generated by org.testng.reporters.JUnitReportReporter -->
<testsuite hostname="DESKTOP-K8DIB7L" failures="0" tests="2" name="scripts.ATest" time="0.005" errors="0" timestamp="2024-03-12T10:38:03 IST" skipped="0">
  <testcase classname="scripts.ATest" name="a1" time="0.003"/>
  <testcase classname="scripts.ATest" name="a" time="0.002"/>
</testsuite> <!-- scripts.ATest -->
