<?xml version="1.0" encoding="UTF-8"?>
<!-- Generated by org.testng.reporters.JUnitReportReporter -->
<testsuite hostname="DESKTOP-K8DIB7L" failures="0" tests="2" name="scripts.aT2" time="0.025" errors="0" timestamp="2024-03-12T10:38:03 IST" skipped="0">
  <testcase classname="scripts.aT2" name="a1" time="0.023"/>
  <testcase classname="scripts.aT2" name="b" time="0.002"/>
</testsuite> <!-- scripts.aT2 -->
